Determining if the pthread_create exist failed with the following output:
Change Dir: /home/mgehrig2/VT2/Software/testAppVt2/catkin_ws/build/CMakeFiles/CMakeTmp

Run Build Command:"/usr/bin/make" "cmTC_0e63f/fast"
/usr/bin/make -f CMakeFiles/cmTC_0e63f.dir/build.make CMakeFiles/cmTC_0e63f.dir/build
make[1]: Entering directory '/home/mgehrig2/VT2/Software/testAppVt2/catkin_ws/build/CMakeFiles/CMakeTmp'
Building C object CMakeFiles/cmTC_0e63f.dir/CheckSymbolExists.c.o
/usr/bin/cc     -o CMakeFiles/cmTC_0e63f.dir/CheckSymbolExists.c.o   -c /home/mgehrig2/VT2/Software/testAppVt2/catkin_ws/build/CMakeFiles/CMakeTmp/CheckSymbolExists.c
Linking C executable cmTC_0e63f
/usr/bin/cmake -E cmake_link_script CMakeFiles/cmTC_0e63f.dir/link.txt --verbose=1
/usr/bin/cc       CMakeFiles/cmTC_0e63f.dir/CheckSymbolExists.c.o  -o cmTC_0e63f -rdynamic 
CMakeFiles/cmTC_0e63f.dir/CheckSymbolExists.c.o: In function `main':
CheckSymbolExists.c:(.text+0x16): undefined reference to `pthread_create'
collect2: error: ld returned 1 exit status
CMakeFiles/cmTC_0e63f.dir/build.make:97: recipe for target 'cmTC_0e63f' failed
make[1]: *** [cmTC_0e63f] Error 1
make[1]: Leaving directory '/home/mgehrig2/VT2/Software/testAppVt2/catkin_ws/build/CMakeFiles/CMakeTmp'
Makefile:126: recipe for target 'cmTC_0e63f/fast' failed
make: *** [cmTC_0e63f/fast] Error 2

File /home/mgehrig2/VT2/Software/testAppVt2/catkin_ws/build/CMakeFiles/CMakeTmp/CheckSymbolExists.c:
/* */
#include <pthread.h>

int main(int argc, char** argv)
{
  (void)argv;
#ifndef pthread_create
  return ((int*)(&pthread_create))[argc];
#else
  (void)argc;
  return 0;
#endif
}

Determining if the function pthread_create exists in the pthreads failed with the following output:
Change Dir: /home/mgehrig2/VT2/Software/testAppVt2/catkin_ws/build/CMakeFiles/CMakeTmp

Run Build Command:"/usr/bin/make" "cmTC_6f62f/fast"
/usr/bin/make -f CMakeFiles/cmTC_6f62f.dir/build.make CMakeFiles/cmTC_6f62f.dir/build
make[1]: Entering directory '/home/mgehrig2/VT2/Software/testAppVt2/catkin_ws/build/CMakeFiles/CMakeTmp'
Building C object CMakeFiles/cmTC_6f62f.dir/CheckFunctionExists.c.o
/usr/bin/cc    -DCHECK_FUNCTION_EXISTS=pthread_create   -o CMakeFiles/cmTC_6f62f.dir/CheckFunctionExists.c.o   -c /usr/share/cmake-3.5/Modules/CheckFunctionExists.c
Linking C executable cmTC_6f62f
/usr/bin/cmake -E cmake_link_script CMakeFiles/cmTC_6f62f.dir/link.txt --verbose=1
/usr/bin/cc   -DCHECK_FUNCTION_EXISTS=pthread_create    CMakeFiles/cmTC_6f62f.dir/CheckFunctionExists.c.o  -o cmTC_6f62f -rdynamic -lpthreads 
/usr/bin/ld: cannot find -lpthreads
collect2: error: ld returned 1 exit status
CMakeFiles/cmTC_6f62f.dir/build.make:97: recipe for target 'cmTC_6f62f' failed
make[1]: *** [cmTC_6f62f] Error 1
make[1]: Leaving directory '/home/mgehrig2/VT2/Software/testAppVt2/catkin_ws/build/CMakeFiles/CMakeTmp'
Makefile:126: recipe for target 'cmTC_6f62f/fast' failed
make: *** [cmTC_6f62f/fast] Error 2


